<?xml version="1.0" encoding="UTF-8"?>
<testng-results ignored="0" total="1" passed="1" failed="0" skipped="0">
  <reporter-output>
  </reporter-output>
  <suite started-at="2022-04-12T11:15:50 IST" name="Default suite" finished-at="2022-04-12T11:15:51 IST" duration-ms="1021">
    <groups>
    </groups>
    <test started-at="2022-04-12T11:15:50 IST" name="Default test" finished-at="2022-04-12T11:15:51 IST" duration-ms="1021">
      <class name="ContinuereadingComplesJson">
        <test-method signature="sumValidatio()[pri:0, instance:ContinuereadingComplesJson@1ba9117e]" started-at="2022-04-12T11:15:50 IST" name="sumValidatio" finished-at="2022-04-12T11:15:51 IST" duration-ms="988" status="PASS">
          <reporter-output>
          </reporter-output>
        </test-method> <!-- sumValidatio -->
      </class> <!-- ContinuereadingComplesJson -->
    </test> <!-- Default test -->
  </suite> <!-- Default suite -->
</testng-results>
