<?xml version="1.0" encoding="UTF-8"?>
<testng-results ignored="0" total="1" passed="1" failed="0" skipped="0">
  <reporter-output>
  </reporter-output>
  <suite started-at="2022-03-04T12:43:27 IST" name="Default suite" finished-at="2022-03-04T12:43:32 IST" duration-ms="4581">
    <groups>
    </groups>
    <test started-at="2022-03-04T12:43:27 IST" name="Default test" finished-at="2022-03-04T12:43:32 IST" duration-ms="4581">
      <class name="homePageTest.HomePageNavigation">
        <test-method signature="navigationToHomePage()[pri:0, instance:homePageTest.HomePageNavigation@6da21078]" started-at="2022-03-04T12:43:27 IST" name="navigationToHomePage" finished-at="2022-03-04T12:43:32 IST" duration-ms="4552" status="PASS">
          <reporter-output>
          </reporter-output>
        </test-method> <!-- navigationToHomePage -->
      </class> <!-- homePageTest.HomePageNavigation -->
    </test> <!-- Default test -->
  </suite> <!-- Default suite -->
</testng-results>
